time="2022-01-31T21:13:33+05:30" level=info msg="Starting Up..."
time="2022-01-31T21:13:33+05:30" level=info msg="command args: -user sachin.pathare -key lrmS8Waqgx9broX5WoTETPeIxBYRwvbnVBZnK4k2XZ02hS2Z9I -infoAPIPort 54437 -port 54438"
time="2022-01-31T21:13:33+05:30" level=info msg="LambdaTunnel version :2.0.23"
time="2022-01-31T21:13:33+05:30" level=warning msg="***********************************************************"
time="2022-01-31T21:13:33+05:30" level=warning msg="DEPRECATION WARNING"
time="2022-01-31T21:13:33+05:30" level=warning msg="Support for this tunnel binary will be deprecated soon.Please use the following link: <https://downloads.lambdatest.com/tunnel/v3/windows/64bit/LT.exe> to download our latest binary."
time="2022-01-31T21:13:33+05:30" level=warning msg="***********************************************************"
time="2022-01-31T21:13:33+05:30" level=info msg="Log file: D:\\lambda_test_poc\\cucumber-testng-sample/tunnel.log"
time="2022-01-31T21:13:33+05:30" level=debug msg="launch-tunnel-initiated "
time="2022-01-31T21:13:33+05:30" level=debug msg="Starting API server for tunnel info on port: 54437"
time="2022-01-31T21:13:33+05:30" level=info msg="connecting to wss://ltuns.lambdatest.com"
time="2022-01-31T21:13:33+05:30" level=debug msg="Starting local proxy service on  54438"
time="2022-01-31T21:13:33+05:30" level=info msg="starting http server"
time="2022-01-31T21:13:33+05:30" level=debug msg="local proxy started on port 54438"
time="2022-01-31T21:13:35+05:30" level=debug msg="beginning remote forward of local port 54438 to remote port 39263"
time="2022-01-31T21:13:36+05:30" level=info msg="Tunnel ID :990745"
time="2022-01-31T21:13:36+05:30" level=debug msg="local port 54438 <-> remote port 39263 successful"
time="2022-01-31T21:13:36+05:30" level=info msg="Tunnel claim successful"
time="2022-01-31T21:13:37+05:30" level=debug msg="Upload hosts file to s3, response:map[message:upload hosts file to s3 success]"
time="2022-01-31T21:13:37+05:30" level=debug msg=add-hosts-file-to-S3-success
time="2022-01-31T21:13:37+05:30" level=info msg="Secure connection established, you may start your tests now"
time="2022-01-31T21:13:37+05:30" level=debug msg="Using websocket for connection monitoring"
time="2022-01-31T21:13:59+05:30" level=debug msg="handling connect request for URL //accounts.google.com:443"
time="2022-01-31T21:13:59+05:30" level=debug msg="handle http request for http://localhost.lambdatest.com/"
time="2022-01-31T21:14:02+05:30" level=debug msg="handle http request for http://localhost.lambdatest.com/favicon.ico"
time="2022-01-31T21:14:03+05:30" level=debug msg="handling connect request for URL //google.com:443"
time="2022-01-31T21:14:04+05:30" level=debug msg="handling connect request for URL //update.googleapis.com:443"
time="2022-01-31T21:14:04+05:30" level=debug msg="handling connect request for URL //www.google.com:443"
time="2022-01-31T21:14:06+05:30" level=debug msg="handling connect request for URL //www.google.com:443"
time="2022-01-31T21:14:06+05:30" level=debug msg="handling connect request for URL //www.google.com:443"
time="2022-01-31T21:14:06+05:30" level=debug msg="handling connect request for URL //www.google.com:443"
time="2022-01-31T21:14:06+05:30" level=debug msg="handling connect request for URL //www.gstatic.com:443"
time="2022-01-31T21:14:06+05:30" level=debug msg="handling connect request for URL //www.gstatic.com:443"
time="2022-01-31T21:14:06+05:30" level=debug msg="handling connect request for URL //content-autofill.googleapis.com:443"
time="2022-01-31T21:14:06+05:30" level=debug msg="handling connect request for URL //www.google.com:443"
time="2022-01-31T21:14:07+05:30" level=debug msg="handling connect request for URL //apis.google.com:443"
time="2022-01-31T21:14:07+05:30" level=debug msg="handling connect request for URL //www.google.com:443"
time="2022-01-31T21:14:08+05:30" level=debug msg="handling connect request for URL //www.gstatic.com:443"
time="2022-01-31T21:14:08+05:30" level=debug msg="handling connect request for URL //www.gstatic.com:443"
time="2022-01-31T21:14:08+05:30" level=debug msg="handling connect request for URL //www.gstatic.com:443"
time="2022-01-31T21:14:08+05:30" level=debug msg="handling connect request for URL //www.gstatic.com:443"
time="2022-01-31T21:14:08+05:30" level=debug msg="handling connect request for URL //www.gstatic.com:443"
time="2022-01-31T21:14:08+05:30" level=debug msg="handling connect request for URL //www.gstatic.com:443"
time="2022-01-31T21:14:08+05:30" level=debug msg="handling connect request for URL //play.google.com:443"
time="2022-01-31T21:14:09+05:30" level=debug msg="handling connect request for URL //www.google.com:443"
time="2022-01-31T21:14:09+05:30" level=debug msg="handling connect request for URL //adservice.google.com:443"
time="2022-01-31T21:14:09+05:30" level=debug msg="handling connect request for URL //www.google.com:443"
time="2022-01-31T21:14:09+05:30" level=debug msg="handling connect request for URL //www.google.com:443"
time="2022-01-31T21:14:10+05:30" level=debug msg="handling connect request for URL //www.google.com:443"
time="2022-01-31T21:14:10+05:30" level=debug msg="handling connect request for URL //www.google.com:443"
time="2022-01-31T21:14:10+05:30" level=debug msg="handling connect request for URL //www.google.com:443"
time="2022-01-31T21:14:10+05:30" level=debug msg="handling connect request for URL //www.linkedin.com:443"
time="2022-01-31T21:14:11+05:30" level=debug msg="handling connect request for URL //static-exp1.licdn.com:443"
time="2022-01-31T21:14:11+05:30" level=debug msg="handling connect request for URL //static-exp1.licdn.com:443"
time="2022-01-31T21:14:11+05:30" level=debug msg="handling connect request for URL //static-exp1.licdn.com:443"
time="2022-01-31T21:14:11+05:30" level=debug msg="handling connect request for URL //static-exp1.licdn.com:443"
time="2022-01-31T21:14:11+05:30" level=debug msg="handling connect request for URL //static-exp1.licdn.com:443"
time="2022-01-31T21:14:14+05:30" level=debug msg="handling connect request for URL //static-exp1.licdn.com:443"
time="2022-01-31T21:14:14+05:30" level=debug msg="handling connect request for URL //www.linkedin.com:443"
time="2022-01-31T21:14:14+05:30" level=debug msg="handling connect request for URL //www.linkedin.com:443"
time="2022-01-31T21:14:14+05:30" level=debug msg="handling connect request for URL //www.linkedin.com:443"
time="2022-01-31T21:14:14+05:30" level=debug msg="handling connect request for URL //www.linkedin.com:443"
time="2022-01-31T21:14:15+05:30" level=debug msg="handling connect request for URL //platform.linkedin.com:443"
time="2022-01-31T21:14:16+05:30" level=debug msg="handling connect request for URL //platform.linkedin.com:443"
time="2022-01-31T21:14:16+05:30" level=debug msg="handling connect request for URL //dpm.demdex.net:443"
time="2022-01-31T21:14:16+05:30" level=debug msg="handling connect request for URL //platform.linkedin.com:443"
time="2022-01-31T21:14:16+05:30" level=debug msg="handling connect request for URL //platform.linkedin.com:443"
time="2022-01-31T21:14:17+05:30" level=debug msg="handling connect request for URL //www.facebook.com:443"
time="2022-01-31T21:14:17+05:30" level=debug msg="handling connect request for URL //www.googleadservices.com:443"
time="2022-01-31T21:14:17+05:30" level=debug msg="handling connect request for URL //www.googleadservices.com:443"
time="2022-01-31T21:14:17+05:30" level=debug msg="handling connect request for URL //lnkd.demdex.net:443"
time="2022-01-31T21:14:17+05:30" level=debug msg="handling connect request for URL //lnkd.demdex.net:443"
time="2022-01-31T21:14:18+05:30" level=debug msg="handling connect request for URL //googleads.g.doubleclick.net:443"
time="2022-01-31T21:14:18+05:30" level=debug msg="handling connect request for URL //googleads.g.doubleclick.net:443"
time="2022-01-31T21:14:19+05:30" level=debug msg="handling connect request for URL //cm.g.doubleclick.net:443"
time="2022-01-31T21:14:19+05:30" level=debug msg="handling connect request for URL //analytics.twitter.com:443"
time="2022-01-31T21:14:19+05:30" level=debug msg="handling connect request for URL //www.google.co.in:443"
time="2022-01-31T21:14:19+05:30" level=debug msg="handling connect request for URL //www.google.co.in:443"
time="2022-01-31T21:14:21+05:30" level=debug msg="handling connect request for URL //www.linkedin.com:443"
time="2022-01-31T21:14:22+05:30" level=debug msg="handling connect request for URL //ad.doubleclick.net:443"
time="2022-01-31T21:14:24+05:30" level=debug msg="handling connect request for URL //static-exp1.licdn.com:443"
time="2022-01-31T21:14:24+05:30" level=debug msg="handling connect request for URL //static-exp1.licdn.com:443"
time="2022-01-31T21:14:25+05:30" level=debug msg="handling connect request for URL //iframe.arkoselabs.com:443"
time="2022-01-31T21:14:25+05:30" level=debug msg="handling connect request for URL //www.linkedin.com:443"
time="2022-01-31T21:14:26+05:30" level=debug msg="handling connect request for URL //www.linkedin.com:443"
time="2022-01-31T21:14:26+05:30" level=debug msg="handling connect request for URL //linkedin-api.arkoselabs.com:443"
time="2022-01-31T21:14:27+05:30" level=info msg="Removing Tunnel :990745"
time="2022-01-31T21:14:27+05:30" level=debug msg="Shutting down the server"
time="2022-01-31T21:14:27+05:30" level=debug msg="stop-tunnel-initiated for tunnelId: 990745"
time="2022-01-31T21:14:27+05:30" level=info msg="Sending stop request to : https://ltuns.lambdatest.com/v1.0/stop/990745"
time="2022-01-31T21:14:29+05:30" level=debug msg="stop-tunnel response body is map[code:200 message:Tunnel stopped successfully port:39263 tunnel_id:990745]"
time="2022-01-31T21:14:29+05:30" level=info msg="Closing your session."
time="2022-01-31T21:14:29+05:30" level=info msg=GoodBye.
